2013-07-05 12:40:49: -- Integrate Mobile Template: ANALYSIS started by User on 'MD-PC' (GoodSync 9.4.9.9)
2013-07-05 12:40:49: ~Mark\Documents\GitHub\mobile-boilerplate (C:\Users\Mark\Documents\GitHub\mobile-boilerplate) =PropDels=> ~Mark\Documents\Github_vs\dasKind_pBd\www (C:\Users\Mark\Documents\Github_vs\dasKind_pBd\www), CopyCreateTime
2013-07-05 12:40:49: L: State file does not exist: C:\Users\Mark\Documents\GitHub\mobile-boilerplate\_gsdata_\_file_state._gs
2013-07-05 12:40:49: L: No State File found, New State will be built
2013-07-05 12:40:49: L: Files: 72 (excluded 0). Folders: 28 (excluded 0). C: NTFS, Free: 208 MB, Total: 220 GB
2013-07-05 12:40:49: R: State file does not exist: C:\Users\Mark\Documents\Github_vs\dasKind_pBd\www\_gsdata_\_file_state._gs
2013-07-05 12:40:49: R: No State File found, New State will be built
2013-07-05 12:40:49: R: Files: 40 (excluded 2). Folders: 8 (excluded 0). C: NTFS, Free: 208 MB, Total: 220 GB
2013-07-05 12:40:49: Changes: 139, Conflicts: 0, CopyTime: 0, CopyState: 0/5, Errors: 0
2013-07-05 12:40:49: Left to Right: Copy File: 95 Delete File: 44 
2013-07-05 12:40:49: -- Analysis Completed. Time 00:00:00, Speed: Many files/s
2013-07-05 12:40:49: 
2013-07-05 12:48:48: === User Changed Action from 'COPY_LEFT_TO_RIGHT' to 'NO_COPY' on item /.git
2013-07-05 12:48:48: === User Changed Action from 'COPY_LEFT_TO_RIGHT' to 'NO_COPY' on item /.git/branches
2013-07-05 12:48:48: === User Changed Action from 'COPY_LEFT_TO_RIGHT' to 'NO_COPY' on item /.git/config
2013-07-05 12:48:48: === User Changed Action from 'COPY_LEFT_TO_RIGHT' to 'NO_COPY' on item /.git/description
2013-07-05 12:48:48: === User Changed Action from 'COPY_LEFT_TO_RIGHT' to 'NO_COPY' on item /.git/FETCH_HEAD
2013-07-05 12:48:48: === User Changed Action from 'COPY_LEFT_TO_RIGHT' to 'NO_COPY' on item /.git/HEAD
2013-07-05 12:48:48: === User Changed Action from 'COPY_LEFT_TO_RIGHT' to 'NO_COPY' on item /.git/hooks
2013-07-05 12:48:48: === User Changed Action from 'COPY_LEFT_TO_RIGHT' to 'NO_COPY' on item /.git/hooks/applypatch-msg.sample
2013-07-05 12:48:48: === User Changed Action from 'COPY_LEFT_TO_RIGHT' to 'NO_COPY' on item /.git/hooks/commit-msg.sample
2013-07-05 12:48:48: === User Changed Action from 'COPY_LEFT_TO_RIGHT' to 'NO_COPY' on item /.git/hooks/post-update.sample
2013-07-05 12:48:48: === User Changed Action from 'COPY_LEFT_TO_RIGHT' to 'NO_COPY' on item /.git/hooks/pre-applypatch.sample
2013-07-05 12:48:48: === User Changed Action from 'COPY_LEFT_TO_RIGHT' to 'NO_COPY' on item /.git/hooks/pre-commit.sample
2013-07-05 12:48:48: === User Changed Action from 'COPY_LEFT_TO_RIGHT' to 'NO_COPY' on item /.git/hooks/pre-rebase.sample
2013-07-05 12:48:48: === User Changed Action from 'COPY_LEFT_TO_RIGHT' to 'NO_COPY' on item /.git/hooks/prepare-commit-msg.sample
2013-07-05 12:48:48: === User Changed Action from 'COPY_LEFT_TO_RIGHT' to 'NO_COPY' on item /.git/hooks/update.sample
2013-07-05 12:48:48: === User Changed Action from 'COPY_LEFT_TO_RIGHT' to 'NO_COPY' on item /.git/index
2013-07-05 12:48:48: === User Changed Action from 'COPY_LEFT_TO_RIGHT' to 'NO_COPY' on item /.git/info
2013-07-05 12:48:48: === User Changed Action from 'COPY_LEFT_TO_RIGHT' to 'NO_COPY' on item /.git/info/exclude
2013-07-05 12:48:48: === User Changed Action from 'COPY_LEFT_TO_RIGHT' to 'NO_COPY' on item /.git/logs
2013-07-05 12:48:48: === User Changed Action from 'COPY_LEFT_TO_RIGHT' to 'NO_COPY' on item /.git/logs/HEAD
2013-07-05 12:48:48: === User Changed Action from 'COPY_LEFT_TO_RIGHT' to 'NO_COPY' on item /.git/logs/refs
2013-07-05 12:48:48: === User Changed Action from 'COPY_LEFT_TO_RIGHT' to 'NO_COPY' on item /.git/logs/refs/heads
2013-07-05 12:48:48: === User Changed Action from 'COPY_LEFT_TO_RIGHT' to 'NO_COPY' on item /.git/logs/refs/heads/master
2013-07-05 12:48:48: === User Changed Action from 'COPY_LEFT_TO_RIGHT' to 'NO_COPY' on item /.git/logs/refs/remotes
2013-07-05 12:48:48: === User Changed Action from 'COPY_LEFT_TO_RIGHT' to 'NO_COPY' on item /.git/logs/refs/remotes/origin
2013-07-05 12:48:48: === User Changed Action from 'COPY_LEFT_TO_RIGHT' to 'NO_COPY' on item /.git/logs/refs/remotes/origin/HEAD
2013-07-05 12:48:48: === User Changed Action from 'COPY_LEFT_TO_RIGHT' to 'NO_COPY' on item /.git/objects
2013-07-05 12:48:48: === User Changed Action from 'COPY_LEFT_TO_RIGHT' to 'NO_COPY' on item /.git/objects/info
2013-07-05 12:48:48: === User Changed Action from 'COPY_LEFT_TO_RIGHT' to 'NO_COPY' on item /.git/objects/pack
2013-07-05 12:48:48: === User Changed Action from 'COPY_LEFT_TO_RIGHT' to 'NO_COPY' on item /.git/objects/pack/pack-c9a870431e95da545420f49f30af11d2ce4bb318.idx
2013-07-05 12:48:48: === User Changed Action from 'COPY_LEFT_TO_RIGHT' to 'NO_COPY' on item /.git/objects/pack/pack-c9a870431e95da545420f49f30af11d2ce4bb318.pack
2013-07-05 12:48:48: === User Changed Action from 'COPY_LEFT_TO_RIGHT' to 'NO_COPY' on item /.git/packed-refs
2013-07-05 12:48:48: === User Changed Action from 'COPY_LEFT_TO_RIGHT' to 'NO_COPY' on item /.git/refs
2013-07-05 12:48:48: === User Changed Action from 'COPY_LEFT_TO_RIGHT' to 'NO_COPY' on item /.git/refs/heads
2013-07-05 12:48:48: === User Changed Action from 'COPY_LEFT_TO_RIGHT' to 'NO_COPY' on item /.git/refs/heads/master
2013-07-05 12:48:48: === User Changed Action from 'COPY_LEFT_TO_RIGHT' to 'NO_COPY' on item /.git/refs/remotes
2013-07-05 12:48:48: === User Changed Action from 'COPY_LEFT_TO_RIGHT' to 'NO_COPY' on item /.git/refs/remotes/origin
2013-07-05 12:48:48: === User Changed Action from 'COPY_LEFT_TO_RIGHT' to 'NO_COPY' on item /.git/refs/remotes/origin/HEAD
2013-07-05 12:48:48: === User Changed Action from 'COPY_LEFT_TO_RIGHT' to 'NO_COPY' on item /.git/refs/tags
2013-07-05 12:48:48: Done.
2013-07-05 12:50:44: === User Changed Action from 'COPY_LEFT_TO_RIGHT' to 'NO_COPY' on item /.gitattributes
2013-07-05 12:50:44: Done.
2013-07-05 12:50:46: === User Changed Action from 'COPY_LEFT_TO_RIGHT' to 'NO_COPY' on item /.gitignore
2013-07-05 12:50:46: Done.
2013-07-05 12:50:59: === User Changed Action from 'COPY_LEFT_TO_RIGHT' to 'NO_COPY' on item /.htaccess
2013-07-05 12:50:59: Done.
2013-07-05 12:51:03: === User Changed Action from 'COPY_LEFT_TO_RIGHT' to 'NO_COPY' on item /bin
2013-07-05 12:51:03: === User Changed Action from 'COPY_LEFT_TO_RIGHT' to 'NO_COPY' on item /bin/daskind_p8d.dll
2013-07-05 12:51:03: === User Changed Action from 'COPY_LEFT_TO_RIGHT' to 'NO_COPY' on item /bin/daskind_p8d.pdb
2013-07-05 12:51:03: Done.
2013-07-05 12:51:07: === User Changed Action from 'COPY_LEFT_TO_RIGHT' to 'NO_COPY' on item /CHANGELOG.md
2013-07-05 12:51:07: Done.
2013-07-05 12:51:09: === User Changed Action from 'COPY_LEFT_TO_RIGHT' to 'NO_COPY' on item /CONTRIBUTING.md
2013-07-05 12:51:09: Done.
2013-07-05 12:51:20: === User Changed Action from 'COPY_LEFT_TO_RIGHT' to 'NO_COPY' on item /crossdomain.xml
2013-07-05 12:51:20: Done.
2013-07-05 12:51:32: === User Changed Action from 'COPY_LEFT_TO_RIGHT' to 'NO_COPY' on item /daskind_p8d.csproj
2013-07-05 12:51:32: Done.
2013-07-05 12:51:33: === User Changed Action from 'COPY_LEFT_TO_RIGHT' to 'NO_COPY' on item /daskind_p8d.csproj.user
2013-07-05 12:51:33: Done.
2013-07-05 12:51:37: === User Changed Action from 'COPY_LEFT_TO_RIGHT' to 'NO_COPY' on item /daskind_p8d.sln
2013-07-05 12:51:37: Done.
2013-07-05 12:51:42: === User Changed Action from 'COPY_LEFT_TO_RIGHT' to 'NO_COPY' on item /doc
2013-07-05 12:51:42: === User Changed Action from 'COPY_LEFT_TO_RIGHT' to 'NO_COPY' on item /doc/crossdomain.md
2013-07-05 12:51:42: === User Changed Action from 'COPY_LEFT_TO_RIGHT' to 'NO_COPY' on item /doc/css.md
2013-07-05 12:51:42: === User Changed Action from 'COPY_LEFT_TO_RIGHT' to 'NO_COPY' on item /doc/extend.md
2013-07-05 12:51:42: === User Changed Action from 'COPY_LEFT_TO_RIGHT' to 'NO_COPY' on item /doc/faq.md
2013-07-05 12:51:42: === User Changed Action from 'COPY_LEFT_TO_RIGHT' to 'NO_COPY' on item /doc/html.md
2013-07-05 12:51:42: === User Changed Action from 'COPY_LEFT_TO_RIGHT' to 'NO_COPY' on item /doc/js.md
2013-07-05 12:51:42: === User Changed Action from 'COPY_LEFT_TO_RIGHT' to 'NO_COPY' on item /doc/misc.md
2013-07-05 12:51:42: === User Changed Action from 'COPY_LEFT_TO_RIGHT' to 'NO_COPY' on item /doc/README.md
2013-07-05 12:51:42: === User Changed Action from 'COPY_LEFT_TO_RIGHT' to 'NO_COPY' on item /doc/usage.md
2013-07-05 12:51:42: Done.
2013-07-05 12:51:56: === User Changed Action from 'COPY_LEFT_TO_RIGHT' to 'NO_COPY' on item /daskind_p8d.v11.suo
2013-07-05 12:51:56: Done.
2013-07-05 12:51:58: === User Changed Action from 'COPY_LEFT_TO_RIGHT' to 'NO_COPY' on item /default_dasKinderMain.js
2013-07-05 12:51:58: Done.
2013-07-05 12:52:18: === User Changed Action from 'COPY_LEFT_TO_RIGHT' to 'NO_COPY' on item /favicon.ico
2013-07-05 12:52:18: Done.
2013-07-05 12:52:20: === User Changed Action from 'COPY_LEFT_TO_RIGHT' to 'NO_COPY' on item /humans.txt
2013-07-05 12:52:20: Done.
2013-07-05 12:52:23: === User Changed Action from 'COPY_LEFT_TO_RIGHT' to 'NO_COPY' on item /img
2013-07-05 12:52:23: === User Changed Action from 'COPY_LEFT_TO_RIGHT' to 'NO_COPY' on item /img/startup
2013-07-05 12:52:23: === User Changed Action from 'COPY_LEFT_TO_RIGHT' to 'NO_COPY' on item /img/startup/startup-retina-4in.png
2013-07-05 12:52:23: === User Changed Action from 'COPY_LEFT_TO_RIGHT' to 'NO_COPY' on item /img/startup/startup-retina.png
2013-07-05 12:52:23: === User Changed Action from 'COPY_LEFT_TO_RIGHT' to 'NO_COPY' on item /img/startup/startup-tablet-landscape-retina.png
2013-07-05 12:52:23: === User Changed Action from 'COPY_LEFT_TO_RIGHT' to 'NO_COPY' on item /img/startup/startup-tablet-landscape.png
2013-07-05 12:52:23: === User Changed Action from 'COPY_LEFT_TO_RIGHT' to 'NO_COPY' on item /img/startup/startup-tablet-portrait-retina.png
2013-07-05 12:52:23: === User Changed Action from 'COPY_LEFT_TO_RIGHT' to 'NO_COPY' on item /img/startup/startup-tablet-portrait.png
2013-07-05 12:52:23: === User Changed Action from 'COPY_LEFT_TO_RIGHT' to 'NO_COPY' on item /img/startup/startup.png
2013-07-05 12:52:23: === User Changed Action from 'COPY_LEFT_TO_RIGHT' to 'NO_COPY' on item /img/touch
2013-07-05 12:52:23: === User Changed Action from 'COPY_LEFT_TO_RIGHT' to 'NO_COPY' on item /img/touch/apple-touch-icon-114x114-precomposed.png
2013-07-05 12:52:23: === User Changed Action from 'COPY_LEFT_TO_RIGHT' to 'NO_COPY' on item /img/touch/apple-touch-icon-144x144-precomposed.png
2013-07-05 12:52:23: === User Changed Action from 'COPY_LEFT_TO_RIGHT' to 'NO_COPY' on item /img/touch/apple-touch-icon-57x57-precomposed.png
2013-07-05 12:52:23: === User Changed Action from 'COPY_LEFT_TO_RIGHT' to 'NO_COPY' on item /img/touch/apple-touch-icon-72x72-precomposed.png
2013-07-05 12:52:23: === User Changed Action from 'COPY_LEFT_TO_RIGHT' to 'NO_COPY' on item /img/touch/apple-touch-icon-precomposed.png
2013-07-05 12:52:23: === User Changed Action from 'COPY_LEFT_TO_RIGHT' to 'NO_COPY' on item /img/touch/apple-touch-icon.png
2013-07-05 12:52:23: Done.
2013-07-05 12:52:44: === User Changed Action from 'COPY_LEFT_TO_RIGHT' to 'NO_COPY' on item /index.html
2013-07-05 12:52:44: Done.
2013-07-05 12:52:46: === User Changed Action from 'COPY_LEFT_TO_RIGHT' to 'NO_COPY' on item /index_daskinder.html
2013-07-05 12:52:46: Done.
2013-07-05 12:53:05: === User Changed Action from 'COPY_LEFT_TO_RIGHT' to 'NO_COPY' on item /js
2013-07-05 12:53:05: === User Changed Action from 'COPY_LEFT_TO_RIGHT' to 'NO_COPY' on item /js/helper.js
2013-07-05 12:53:05: === User Changed Action from 'COPY_LEFT_TO_RIGHT' to 'NO_COPY' on item /js/main.js
2013-07-05 12:53:05: === User Changed Action from 'COPY_LEFT_TO_RIGHT' to 'NO_COPY' on item /js/plugins.js
2013-07-05 12:53:05: === User Changed Action from 'COPY_LEFT_TO_RIGHT' to 'NO_COPY' on item /js/vendor
2013-07-05 12:53:06: === User Changed Action from 'COPY_LEFT_TO_RIGHT' to 'NO_COPY' on item /js/vendor/jquery-2.0.2.min.js
2013-07-05 12:53:06: === User Changed Action from 'COPY_LEFT_TO_RIGHT' to 'NO_COPY' on item /js/vendor/modernizr-2.6.2.min.js
2013-07-05 12:53:06: Done.
2013-07-05 12:53:20: === User Changed Action from 'COPY_LEFT_TO_RIGHT' to 'NO_COPY' on item /lib
2013-07-05 12:53:20: === User Changed Action from 'COPY_LEFT_TO_RIGHT' to 'NO_COPY' on item /lib/app.js
2013-07-05 12:53:20: === User Changed Action from 'COPY_LEFT_TO_RIGHT' to 'NO_COPY' on item /lib/handlebars.js
2013-07-05 12:53:20: === User Changed Action from 'COPY_LEFT_TO_RIGHT' to 'NO_COPY' on item /lib/iscroll.js
2013-07-05 12:53:20: === User Changed Action from 'COPY_LEFT_TO_RIGHT' to 'NO_COPY' on item /lib/jqplot.barRenderer.min.js
2013-07-05 12:53:20: === User Changed Action from 'COPY_LEFT_TO_RIGHT' to 'NO_COPY' on item /lib/jqplot.categoryAxisRenderer.min.js
2013-07-05 12:53:20: === User Changed Action from 'COPY_LEFT_TO_RIGHT' to 'NO_COPY' on item /lib/jqplot.pieRenderer.min.js
2013-07-05 12:53:20: === User Changed Action from 'COPY_LEFT_TO_RIGHT' to 'NO_COPY' on item /lib/jquery-1.9.1.min.js
2013-07-05 12:53:20: === User Changed Action from 'COPY_LEFT_TO_RIGHT' to 'NO_COPY' on item /lib/jquery.jqplot.min.js
2013-07-05 12:53:20: === User Changed Action from 'COPY_LEFT_TO_RIGHT' to 'NO_COPY' on item /lib/jquery.mobile-1.3.1.min.js
2013-07-05 12:53:20: === User Changed Action from 'COPY_LEFT_TO_RIGHT' to 'NO_COPY' on item /lib/pages.js
2013-07-05 12:53:20: === User Changed Action from 'COPY_LEFT_TO_RIGHT' to 'NO_COPY' on item /lib/underscore-1.4.4.min.js
2013-07-05 12:53:20: Done.
2013-07-05 12:53:45: === User Changed Action from 'COPY_LEFT_TO_RIGHT' to 'NO_COPY' on item /media
2013-07-05 12:53:45: === User Changed Action from 'COPY_LEFT_TO_RIGHT' to 'NO_COPY' on item /media/.DS_Store
2013-07-05 12:53:45: === User Changed Action from 'COPY_LEFT_TO_RIGHT' to 'NO_COPY' on item /media/01_Susies_dnc_09-05-12.mp3
2013-07-05 12:53:45: === User Changed Action from 'COPY_LEFT_TO_RIGHT' to 'NO_COPY' on item /media/02-War Master 01-16-13.mp3
2013-07-05 12:53:45: === User Changed Action from 'COPY_LEFT_TO_RIGHT' to 'NO_COPY' on item /media/FRONT.jpg
2013-07-05 12:53:45: Done.
2013-07-05 12:54:00: === User Changed Action from 'COPY_LEFT_TO_RIGHT' to 'NO_COPY' on item /obj
2013-07-05 12:54:00: === User Changed Action from 'COPY_LEFT_TO_RIGHT' to 'NO_COPY' on item /obj/Debug
2013-07-05 12:54:00: === User Changed Action from 'COPY_LEFT_TO_RIGHT' to 'NO_COPY' on item /obj/Debug/daskind_p8d.csproj.FileListAbsolute.txt
2013-07-05 12:54:00: === User Changed Action from 'COPY_LEFT_TO_RIGHT' to 'NO_COPY' on item /obj/Debug/daskind_p8d.csprojResolveAssemblyReference.cache
2013-07-05 12:54:00: === User Changed Action from 'COPY_LEFT_TO_RIGHT' to 'NO_COPY' on item /obj/Debug/daskind_p8d.dll
2013-07-05 12:54:00: === User Changed Action from 'COPY_LEFT_TO_RIGHT' to 'NO_COPY' on item /obj/Debug/daskind_p8d.pdb
2013-07-05 12:54:00: === User Changed Action from 'COPY_LEFT_TO_RIGHT' to 'NO_COPY' on item /obj/Debug/DesignTimeResolveAssemblyReferencesInput.cache
2013-07-05 12:54:00: === User Changed Action from 'COPY_LEFT_TO_RIGHT' to 'NO_COPY' on item /obj/Debug/TemporaryGeneratedFile_036C0B5B-1481-4323-8D20-8F5ADCB23D92.cs
2013-07-05 12:54:00: === User Changed Action from 'COPY_LEFT_TO_RIGHT' to 'NO_COPY' on item /obj/Debug/TemporaryGeneratedFile_5937a670-0e60-4077-877b-f7221da3dda1.cs
2013-07-05 12:54:00: === User Changed Action from 'COPY_LEFT_TO_RIGHT' to 'NO_COPY' on item /obj/Debug/TemporaryGeneratedFile_E7A71F73-0F8D-4B9B-B56E-8E70B10BC5D3.cs
2013-07-05 12:54:00: === User Changed Action from 'COPY_LEFT_TO_RIGHT' to 'NO_COPY' on item /obj/Debug/TempPE
2013-07-05 12:54:00: Done.
2013-07-05 12:54:27: === User Changed Action from 'COPY_LEFT_TO_RIGHT' to 'NO_COPY' on item /packages.config
2013-07-05 12:54:27: Done.
2013-07-05 12:54:32: === User Changed Action from 'COPY_LEFT_TO_RIGHT' to 'NO_COPY' on item /Properties
2013-07-05 12:54:32: Done.
2013-07-05 12:54:35: === User Changed Action from 'COPY_LEFT_TO_RIGHT' to 'NO_COPY' on item /README.md
2013-07-05 12:54:35: Done.
2013-07-05 12:54:37: === User Changed Action from 'COPY_LEFT_TO_RIGHT' to 'NO_COPY' on item /readme.rd
2013-07-05 12:54:37: Done.
2013-07-05 12:54:39: === User Changed Action from 'COPY_LEFT_TO_RIGHT' to 'NO_COPY' on item /robots.txt
2013-07-05 12:54:39: Done.
2013-07-05 12:54:43: === User Changed Action from 'COPY_LEFT_TO_RIGHT' to 'NO_COPY' on item /tools
2013-07-05 12:54:43: === User Changed Action from 'COPY_LEFT_TO_RIGHT' to 'NO_COPY' on item /tools/mobile-bookmark-bubble
2013-07-05 12:54:43: === User Changed Action from 'COPY_LEFT_TO_RIGHT' to 'NO_COPY' on item /tools/mobile-bookmark-bubble/bookmark_bubble.js
2013-07-05 12:54:43: === User Changed Action from 'COPY_LEFT_TO_RIGHT' to 'NO_COPY' on item /tools/mobile-bookmark-bubble/COPYING
2013-07-05 12:54:43: === User Changed Action from 'COPY_LEFT_TO_RIGHT' to 'NO_COPY' on item /tools/mobile-bookmark-bubble/example
2013-07-05 12:54:43: === User Changed Action from 'COPY_LEFT_TO_RIGHT' to 'NO_COPY' on item /tools/mobile-bookmark-bubble/example/example.html
2013-07-05 12:54:43: === User Changed Action from 'COPY_LEFT_TO_RIGHT' to 'NO_COPY' on item /tools/mobile-bookmark-bubble/example/example.js
2013-07-05 12:54:43: === User Changed Action from 'COPY_LEFT_TO_RIGHT' to 'NO_COPY' on item /tools/mobile-bookmark-bubble/images
2013-07-05 12:54:43: === User Changed Action from 'COPY_LEFT_TO_RIGHT' to 'NO_COPY' on item /tools/mobile-bookmark-bubble/images/arrow.png
2013-07-05 12:54:43: === User Changed Action from 'COPY_LEFT_TO_RIGHT' to 'NO_COPY' on item /tools/mobile-bookmark-bubble/images/close.png
2013-07-05 12:54:43: === User Changed Action from 'COPY_LEFT_TO_RIGHT' to 'NO_COPY' on item /tools/mobile-bookmark-bubble/images/generate_base64_images
2013-07-05 12:54:43: === User Changed Action from 'COPY_LEFT_TO_RIGHT' to 'NO_COPY' on item /tools/mobile-bookmark-bubble/images/icon_calendar.png
2013-07-05 12:54:43: Done.
2013-07-05 12:54:51: === User Changed Action from 'COPY_LEFT_TO_RIGHT' to 'NO_COPY' on item /web.config
2013-07-05 12:54:51: Done.
2013-07-05 12:54:52: === User Changed Action from 'COPY_LEFT_TO_RIGHT' to 'NO_COPY' on item /web.Debug.config
2013-07-05 12:54:52: Done.
2013-07-05 12:54:54: === User Changed Action from 'COPY_LEFT_TO_RIGHT' to 'NO_COPY' on item /web.Release.config
2013-07-05 12:54:54: Done.
2013-07-05 12:55:15: New _gsdata_ folder(s) created, so rescan all job folders for their ghosts
2013-07-05 12:55:15: == Integrate Mobile Template: SYNC started by User on 'MD-PC'
2013-07-05 12:55:15: ~Mark\Documents\GitHub\mobile-boilerplate (C:\Users\Mark\Documents\GitHub\mobile-boilerplate) =PropDels=> ~Mark\Documents\Github_vs\dasKind_pBd\www (C:\Users\Mark\Documents\Github_vs\dasKind_pBd\www), CopyCreateTime
2013-07-05 12:55:16: Copy New 'C:\Users\Mark\Documents\GitHub\mobile-boilerplate\LICENSE.md' -> 'C:\Users\Mark\Documents\Github_vs\dasKind_pBd\www\LICENSE.md'
2013-07-05 12:55:16: Items Synced OK: 6, Errors: 0
2013-07-05 12:55:16: == Sync Completed. Time: 00:00:01, Speed: 3.54 KB/s (8.97 KB/s)
2013-07-05 12:55:16: 
